<?xml version="1.0" encoding="UTF-8"?>
<!-- Generated by org.testng.reporters.JUnitReportReporter -->
<testsuite hostname="LAPTOP-06GLD659" failures="0" tests="2" name="Home.Test" time="57.139" errors="0" timestamp="2025-02-17T23:24:17 IST" skipped="0">
  <testcase classname="Home.Test" name="test01" time="30.235"/>
  <testcase classname="Home.Test" name="test01" time="26.904"/>
</testsuite> <!-- Home.Test -->
