<?xml version="1.0" encoding="UTF-8"?>
<!-- Generated by org.testng.reporters.JUnitReportReporter -->
<testsuite hostname="LAPTOP-06GLD659" failures="0" tests="2" name="Home.Test" time="53.766" errors="0" timestamp="2025-02-11T16:04:09 IST" skipped="0">
  <testcase classname="Home.Test" name="test01" time="29.127"/>
  <testcase classname="Home.Test" name="test01" time="24.639"/>
</testsuite> <!-- Home.Test -->
